This file contains any messages produced by compilers while
running configure, to aid debugging if configure makes a mistake.

It was created by configure, which was
generated by GNU Autoconf 2.52.  Invocation command line was

  $ ./configure --cache-file=/dev/null --srcdir=.

## ---------- ##
## Platform.  ##
## ---------- ##

hostname = DESKTOP-PQTHR8D
uname -m = x86_64
uname -r = 4.4.0-19041-Microsoft
uname -s = Linux
uname -v = #488-Microsoft Mon Sep 01 13:43:00 PST 2020

/usr/bin/uname -p = unknown
/bin/uname -X     = unknown

/bin/arch              = x86_64
/usr/bin/arch -k       = unknown
/usr/convex/getsysinfo = unknown
hostinfo               = unknown
/bin/machine           = unknown
/usr/bin/oslevel       = unknown
/bin/universe          = unknown

PATH = /usr/local/sbin:/usr/local/bin:/usr/sbin:/usr/bin:/sbin:/bin:/usr/games:/usr/local/games:/mnt/c/Program Files/WindowsApps/Microsoft.WindowsTerminal_1.4.3243.0_x64__8wekyb3d8bbwe:/mnt/c/Program Files (x86)/VMware/VMware Workstation/bin/:/mnt/c/Program Files (x86)/Common Files/Oracle/Java/javapath:/mnt/c/Windows/system32:/mnt/c/Windows:/mnt/c/Windows/System32/Wbem:/mnt/c/Windows/System32/WindowsPowerShell/v1.0/:/mnt/c/Windows/System32/OpenSSH/:/mnt/c/Program Files (x86)/Windows Kits/8.1/Windows Performance Toolkit/:/mnt/c/Program Files (x86)/NVIDIA Corporation/PhysX/Common:/mnt/c/Users/Retr0/Desktop/bmysql/mysql-8.0.11-winx64/bin:/mnt/c/Program Files (x86)/Microsoft SQL Server/90/Tools/binn/:/mnt/c/Program Files/Git/cmd:/mnt/c/Users/Retr0/AppData/Local/Programs/Python/Python36/Scripts/:/mnt/c/Users/Retr0/AppData/Local/Programs/Python/Python36/:/mnt/c/Users/Retr0/AppData/Local/Microsoft/WindowsApps:/mnt/c/Program Files/JetBrains/PyCharm Community Edition 2020.2.3/bin:/mnt/c/Program Files/JetBrains/PhpStorm 2020.2.3/bin:/mnt/c/Program Files (x86)/Nmap

## ------------ ##
## Core tests.  ##
## ------------ ##

configure:957: PATH=".;."; conftest.sh
./configure: 958: conftest.sh: not found
configure:960: $? = 127
configure:1007: checking for a BSD compatible install
configure:1056: result: /usr/bin/install -c
configure:1067: checking whether build environment is sane
configure:1110: result: yes
configure:1125: checking whether make sets ${MAKE}
configure:1145: result: yes
configure:1173: checking for working aclocal-1.4
configure:1184: result: missing
configure:1188: checking for working autoconf
configure:1199: result: missing
configure:1203: checking for working automake-1.4
configure:1214: result: missing
configure:1218: checking for working autoheader
configure:1229: result: missing
configure:1233: checking for working makeinfo
configure:1244: result: missing
configure:1252: checking for builtin ELF support
configure:1271: result: NO
configure:1276: checking for ELF core file support
configure:1295: result: yes
configure:1303: checking for file formats in man section 5
configure:1320: result: no
configure:1377: checking for gcc
configure:1392: found /usr/bin/gcc
configure:1400: result: gcc
configure:1628: checking for C compiler version
configure:1631: gcc --version </dev/null >&5
gcc (Debian 10.2.0-16) 10.2.0
Copyright (C) 2020 Free Software Foundation, Inc.
This is free software; see the source for copying conditions.  There is NO
warranty; not even for MERCHANTABILITY or FITNESS FOR A PARTICULAR PURPOSE.

configure:1634: $? = 0
configure:1636: gcc -v </dev/null >&5
Using built-in specs.
COLLECT_GCC=gcc
COLLECT_LTO_WRAPPER=/usr/lib/gcc/x86_64-linux-gnu/10/lto-wrapper
OFFLOAD_TARGET_NAMES=nvptx-none:amdgcn-amdhsa:hsa
OFFLOAD_TARGET_DEFAULT=1
Target: x86_64-linux-gnu
Configured with: ../src/configure -v --with-pkgversion='Debian 10.2.0-16' --with-bugurl=file:///usr/share/doc/gcc-10/README.Bugs --enable-languages=c,ada,c++,go,brig,d,fortran,objc,obj-c++,m2 --prefix=/usr --with-gcc-major-version-only --program-suffix=-10 --program-prefix=x86_64-linux-gnu- --enable-shared --enable-linker-build-id --libexecdir=/usr/lib --without-included-gettext --enable-threads=posix --libdir=/usr/lib --enable-nls --enable-clocale=gnu --enable-libstdcxx-debug --enable-libstdcxx-time=yes --with-default-libstdcxx-abi=new --enable-gnu-unique-object --disable-vtable-verify --enable-plugin --enable-default-pie --with-system-zlib --enable-libphobos-checking=release --with-target-system-zlib=auto --enable-objc-gc=auto --enable-multiarch --disable-werror --with-arch-32=i686 --with-abi=m64 --with-multilib-list=m32,m64,mx32 --enable-multilib --with-tune=generic --enable-offload-targets=nvptx-none=/build/gcc-10-YRn5ue/gcc-10-10.2.0/debian/tmp-nvptx/usr,amdgcn-amdhsa=/build/gcc-10-YRn5ue/gcc-10-10.2.0/debian/tmp-gcn/usr,hsa --without-cuda-driver --enable-checking=yes,extra,rtl --build=x86_64-linux-gnu --host=x86_64-linux-gnu --target=x86_64-linux-gnu
Thread model: posix
Supported LTO compression algorithms: zlib zstd
gcc version 10.2.0 (Debian 10.2.0-16) 
configure:1639: $? = 0
configure:1641: gcc -V </dev/null >&5
gcc: error: unrecognized command-line option '-V'
gcc: fatal error: no input files
compilation terminated.
configure:1644: $? = 1
configure:1664: checking for C compiler default output
configure:1667: gcc    conftest.c  >&5
configure:1670: $? = 0
configure:1699: result: a.out
configure:1704: checking whether the C compiler works
configure:1710: ./a.out
configure:1713: $? = 0
configure:1728: result: yes
configure:1735: checking whether we are cross compiling
configure:1737: result: no
configure:1740: checking for executable suffix
configure:1742: gcc -o conftest    conftest.c  >&5
configure:1745: $? = 0
configure:1767: result: 
configure:1773: checking for object suffix
configure:1791: gcc -c   conftest.c >&5
configure:1794: $? = 0
configure:1813: result: o
configure:1817: checking whether we are using the GNU C compiler
configure:1838: gcc -c   conftest.c >&5
configure:1841: $? = 0
configure:1844: test -s conftest.o
configure:1847: $? = 0
configure:1859: result: yes
configure:1865: checking whether gcc accepts -g
configure:1883: gcc -c -g  conftest.c >&5
configure:1886: $? = 0
configure:1889: test -s conftest.o
configure:1892: $? = 0
configure:1902: result: yes
configure:1929: gcc -c -g -O2  conftest.c >&5
conftest.c:2:3: error: unknown type name 'choke'
    2 |   choke me
      |   ^~~~~
conftest.c:2:3: error: expected '=', ',', ';', 'asm' or '__attribute__' at end of input
configure:1932: $? = 1
configure: failed program was:
#ifndef __cplusplus
  choke me
#endif
configure:2042: checking for a BSD compatible install
configure:2091: result: /usr/bin/install -c
configure:2102: checking whether ln -s works
configure:2106: result: yes
configure:2151: checking for ranlib
configure:2166: found /usr/bin/ranlib
configure:2175: result: ranlib
configure:2192: checking how to run the C preprocessor
configure:2218: gcc -E  conftest.c
configure:2224: $? = 0
configure:2251: gcc -E  conftest.c
configure:2248:10: fatal error: ac_nonexistent.h: No such file or directory
 2248 | #include "confdefs.h"
      |          ^~~~~~~~~~~~      
compilation terminated.
configure:2257: $? = 1
configure: failed program was:
#line 2247 "configure"
#include "confdefs.h"
#include <ac_nonexistent.h>
configure:2294: result: gcc -E
configure:2309: gcc -E  conftest.c
configure:2315: $? = 0
configure:2342: gcc -E  conftest.c
configure:2339:10: fatal error: ac_nonexistent.h: No such file or directory
 2339 | #include "confdefs.h"
      |          ^~~~~~~~~~~~      
compilation terminated.
configure:2348: $? = 1
configure: failed program was:
#line 2338 "configure"
#include "confdefs.h"
#include <ac_nonexistent.h>
configure:2387: checking for ANSI C header files
configure:2401: gcc -E  conftest.c
configure:2407: $? = 0
configure:2494: gcc -o conftest -g -O2   conftest.c  >&5
configure: In function 'main':
configure:2486:7: warning: implicit declaration of function 'exit' [-Wimplicit-function-declaration]
 2486 |   for (i = 0; i < 256; i++)
      |       ^~~~
configure:2486:7: warning: incompatible implicit declaration of built-in function 'exit'
configure:2470:1: note: include '<stdlib.h>' or provide a declaration of 'exit'
 2469 | #include "confdefs.h"
  +++ |+#include <stdlib.h>
 2470 | #include <ctype.h>
configure:2487:3: warning: incompatible implicit declaration of built-in function 'exit'
 2487 |     if (XOR (islower (i), ISLOWER (i))
      |   ^ ~~
configure:2487:3: note: include '<stdlib.h>' or provide a declaration of 'exit'
configure:2497: $? = 0
configure:2499: ./conftest
configure:2502: $? = 0
configure:2515: result: yes
configure:2525: checking whether sys/types.h defines makedev
configure:2544: gcc -o conftest -g -O2   conftest.c  >&5
configure: In function 'main':
configure:2537:8: warning: implicit declaration of function 'makedev' [-Wimplicit-function-declaration]
 2537 | {
      |        ^      
/usr/bin/ld: /tmp/ccwxCik1.o: in function `main':
/mnt/c/Users/Retr0/Desktop/开发/CTFPICS/stegdetect-0.6/file/configure:2537: undefined reference to `makedev'
collect2: error: ld returned 1 exit status
configure:2547: $? = 1
configure: failed program was:
#line 2531 "configure"
#include "confdefs.h"
#include <sys/types.h>

int
main ()
{
return makedev(0, 0);
  ;
  return 0;
}
configure:2564: result: no
configure:2568: checking for sys/mkdev.h
configure:2578: gcc -E  conftest.c
configure:2575:10: fatal error: sys/mkdev.h: No such file or directory
 2575 | #include "confdefs.h"
      |          ^~~~~~~~~~~~ 
compilation terminated.
configure:2584: $? = 1
configure: failed program was:
#line 2574 "configure"
#include "confdefs.h"
#include <sys/mkdev.h>
configure:2603: result: no
configure:2614: checking for sys/sysmacros.h
configure:2624: gcc -E  conftest.c
configure:2630: $? = 0
configure:2649: result: yes
configure:2662: checking for sys/wait.h that is POSIX.1 compatible
configure:2690: gcc -c -g -O2  conftest.c >&5
configure:2693: $? = 0
configure:2696: test -s conftest.o
configure:2699: $? = 0
configure:2709: result: yes
configure:2722: checking for unistd.h
configure:2732: gcc -E  conftest.c
configure:2738: $? = 0
configure:2757: result: yes
configure:2770: checking for locale.h
configure:2780: gcc -E  conftest.c
configure:2786: $? = 0
configure:2805: result: yes
configure:2818: checking for sys/mman.h
configure:2828: gcc -E  conftest.c
configure:2834: $? = 0
configure:2853: result: yes
configure:2863: checking for gcc option to accept ANSI C
configure:2920: gcc  -c -g -O2  conftest.c >&5
configure:2923: $? = 0
configure:2926: test -s conftest.o
configure:2929: $? = 0
configure:2946: result: none needed
configure:2954: checking for an ANSI C-conforming const
configure:3018: gcc -c -g -O2  conftest.c >&5
configure:3021: $? = 0
configure:3024: test -s conftest.o
configure:3027: $? = 0
configure:3037: result: yes
configure:3053: checking for sys/types.h
configure:3065: gcc -c -g -O2  conftest.c >&5
configure:3068: $? = 0
configure:3071: test -s conftest.o
configure:3074: $? = 0
configure:3084: result: yes
configure:3053: checking for sys/stat.h
configure:3065: gcc -c -g -O2  conftest.c >&5
configure:3068: $? = 0
configure:3071: test -s conftest.o
configure:3074: $? = 0
configure:3084: result: yes
configure:3053: checking for stdlib.h
configure:3065: gcc -c -g -O2  conftest.c >&5
configure:3068: $? = 0
configure:3071: test -s conftest.o
configure:3074: $? = 0
configure:3084: result: yes
configure:3053: checking for string.h
configure:3065: gcc -c -g -O2  conftest.c >&5
configure:3068: $? = 0
configure:3071: test -s conftest.o
configure:3074: $? = 0
configure:3084: result: yes
configure:3053: checking for memory.h
configure:3065: gcc -c -g -O2  conftest.c >&5
configure:3068: $? = 0
configure:3071: test -s conftest.o
configure:3074: $? = 0
configure:3084: result: yes
configure:3053: checking for strings.h
configure:3065: gcc -c -g -O2  conftest.c >&5
configure:3068: $? = 0
configure:3071: test -s conftest.o
configure:3074: $? = 0
configure:3084: result: yes
configure:3053: checking for inttypes.h
configure:3065: gcc -c -g -O2  conftest.c >&5
configure:3068: $? = 0
configure:3071: test -s conftest.o
configure:3074: $? = 0
configure:3084: result: yes
configure:3053: checking for stdint.h
configure:3065: gcc -c -g -O2  conftest.c >&5
configure:3068: $? = 0
configure:3071: test -s conftest.o
configure:3074: $? = 0
configure:3084: result: yes
configure:3053: checking for unistd.h
configure:3084: result: yes
configure:3094: checking for off_t
configure:3115: gcc -c -g -O2  conftest.c >&5
configure:3118: $? = 0
configure:3121: test -s conftest.o
configure:3124: $? = 0
configure:3134: result: yes
configure:3146: checking for size_t
configure:3167: gcc -c -g -O2  conftest.c >&5
configure:3170: $? = 0
configure:3173: test -s conftest.o
configure:3176: $? = 0
configure:3186: result: yes
configure:3198: checking for struct stat.st_rdev
configure:3218: gcc -c -g -O2  conftest.c >&5
configure:3221: $? = 0
configure:3224: test -s conftest.o
configure:3227: $? = 0
configure:3237: result: yes
configure:3251: checking whether struct tm is in sys/time.h or time.h
configure:3271: gcc -c -g -O2  conftest.c >&5
configure:3274: $? = 0
configure:3277: test -s conftest.o
configure:3280: $? = 0
configure:3290: result: time.h
configure:3300: checking for tm_zone in struct tm
configure:3319: gcc -c -g -O2  conftest.c >&5
configure:3322: $? = 0
configure:3325: test -s conftest.o
configure:3328: $? = 0
configure:3338: result: yes
configure:3347: checking for tzname
configure:3368: gcc -o conftest -g -O2   conftest.c  >&5
configure: In function 'main':
configure:3361:1: warning: implicit declaration of function 'atoi' [-Wimplicit-function-declaration]
 3361 | {
      | ^   
configure:3371: $? = 0
configure:3374: test -s conftest
configure:3377: $? = 0
configure:3387: result: yes
configure:3397: checking for tm_isdst in struct tm
configure:3416: gcc -c -g -O2  conftest.c >&5
configure:3419: $? = 0
configure:3422: test -s conftest.o
configure:3425: $? = 0
configure:3435: result: yes
configure:3443: checking for daylight
configure:3464: gcc -o conftest -g -O2   conftest.c  >&5
configure: In function 'main':
configure:3457:1: warning: implicit declaration of function 'atoi' [-Wimplicit-function-declaration]
 3457 | {
      | ^   
configure:3467: $? = 0
configure:3470: test -s conftest
configure:3473: $? = 0
configure:3483: result: yes
configure:3492: checking for uint8_t
configure:3513: gcc -c -g -O2  conftest.c >&5
configure:3516: $? = 0
configure:3519: test -s conftest.o
configure:3522: $? = 0
configure:3532: result: yes
configure:3544: checking for uint16_t
configure:3565: gcc -c -g -O2  conftest.c >&5
configure:3568: $? = 0
configure:3571: test -s conftest.o
configure:3574: $? = 0
configure:3584: result: yes
configure:3596: checking for uint32_t
configure:3617: gcc -c -g -O2  conftest.c >&5
configure:3620: $? = 0
configure:3623: test -s conftest.o
configure:3626: $? = 0
configure:3636: result: yes
configure:3648: checking for long long
configure:3690: result: yes
configure:3704: checking for uint64_t
configure:3731: result: no
configure:3739: checking size of uint8_t
configure:3765: gcc -o conftest -g -O2   conftest.c  >&5
configure:3755:1: warning: return type defaults to 'int' [-Wimplicit-int]
 3755 | #include <stdio.h>
      | ^~~~
configure: In function 'main':
configure:3759:29: error: 'uint8_t' undeclared (first use in this function); did you mean 'u_int8_t'?
 3759 |   if (!f) exit(1);
      |                             ^      
      |                             u_int8_t
configure:3759:29: note: each undeclared identifier is reported only once for each function it appears in
configure:3768: $? = 1
configure: program exited with status 1
configure: failed program was:
#line 3748 "configure"
#include "confdefs.h"
#include <sys/types.h>
#ifdef STDC_HEADERS
#include <stdlib.h>
#endif

#include <stdio.h>
main()
{
  FILE *f=fopen("conftestval", "w");
  if (!f) exit(1);
  fprintf(f, "%d\n", sizeof(uint8_t));
  exit(0);
}
configure:3785: result: 0
configure:3791: checking size of uint16_t
configure:3817: gcc -o conftest -g -O2   conftest.c  >&5
configure:3807:1: warning: return type defaults to 'int' [-Wimplicit-int]
 3807 | #include <stdio.h>
      | ^~~~
configure: In function 'main':
configure:3811:29: error: 'uint16_t' undeclared (first use in this function); did you mean 'u_int16_t'?
 3811 |   if (!f) exit(1);
      |                             ^       
      |                             u_int16_t
configure:3811:29: note: each undeclared identifier is reported only once for each function it appears in
configure:3820: $? = 1
configure: program exited with status 1
configure: failed program was:
#line 3800 "configure"
#include "confdefs.h"
#include <sys/types.h>
#ifdef STDC_HEADERS
#include <stdlib.h>
#endif

#include <stdio.h>
main()
{
  FILE *f=fopen("conftestval", "w");
  if (!f) exit(1);
  fprintf(f, "%d\n", sizeof(uint16_t));
  exit(0);
}
configure:3837: result: 0
configure:3843: checking size of uint32_t
configure:3869: gcc -o conftest -g -O2   conftest.c  >&5
configure:3859:1: warning: return type defaults to 'int' [-Wimplicit-int]
 3859 | #include <stdio.h>
      | ^~~~
configure: In function 'main':
configure:3863:29: error: 'uint32_t' undeclared (first use in this function); did you mean 'u_int32_t'?
 3863 |   if (!f) exit(1);
      |                             ^       
      |                             u_int32_t
configure:3863:29: note: each undeclared identifier is reported only once for each function it appears in
configure:3872: $? = 1
configure: program exited with status 1
configure: failed program was:
#line 3852 "configure"
#include "confdefs.h"
#include <sys/types.h>
#ifdef STDC_HEADERS
#include <stdlib.h>
#endif

#include <stdio.h>
main()
{
  FILE *f=fopen("conftestval", "w");
  if (!f) exit(1);
  fprintf(f, "%d\n", sizeof(uint32_t));
  exit(0);
}
configure:3889: result: 0
configure:3895: checking size of uint64_t
configure:3921: gcc -o conftest -g -O2   conftest.c  >&5
configure:3911:1: warning: return type defaults to 'int' [-Wimplicit-int]
 3911 | #include <stdio.h>
      | ^~~~
configure:3924: $? = 0
configure:3926: ./conftest
configure:3929: $? = 0
configure:3941: result: 8
configure:3950: checking for mmap
configure:3987: gcc -o conftest -g -O2   conftest.c  >&5
configure:3990: $? = 0
configure:3993: test -s conftest
configure:3996: $? = 0
configure:4006: result: yes
configure:3950: checking for strerror
configure:3987: gcc -o conftest -g -O2   conftest.c  >&5
configure:3990: $? = 0
configure:3993: test -s conftest
configure:3996: $? = 0
configure:4006: result: yes
configure:3950: checking for strtoul
configure:3987: gcc -o conftest -g -O2   conftest.c  >&5
configure:3990: $? = 0
configure:3993: test -s conftest
configure:3996: $? = 0
configure:4006: result: yes
configure:4096: creating ./config.status

## ----------------------- ##
## Running config.status.  ##
## ----------------------- ##

This file was extended by config.status 2.52, executed with
  CONFIG_FILES    = 
  CONFIG_HEADERS  = 
  CONFIG_LINKS    = 
  CONFIG_COMMANDS = 
  > ./config.status 
on DESKTOP-PQTHR8D

config.status:4557: creating Makefile
config.status:4649: creating config.h
config.status:4790: config.h is unchanged

## ----------------- ##
## Cache variables.  ##
## ----------------- ##

ac_cv_c_compiler_gnu='yes'
ac_cv_c_const='yes'
ac_cv_c_long_long='yes'
ac_cv_env_CC_set=''
ac_cv_env_CC_value=''
ac_cv_env_CFLAGS_set=''
ac_cv_env_CFLAGS_value=''
ac_cv_env_CPPFLAGS_set=''
ac_cv_env_CPPFLAGS_value=''
ac_cv_env_CPP_set=''
ac_cv_env_CPP_value=''
ac_cv_env_LDFLAGS_set=''
ac_cv_env_LDFLAGS_value=''
ac_cv_env_build_alias_set=''
ac_cv_env_build_alias_value=''
ac_cv_env_host_alias_set=''
ac_cv_env_host_alias_value=''
ac_cv_env_target_alias_set=''
ac_cv_env_target_alias_value=''
ac_cv_func_mmap='yes'
ac_cv_func_strerror='yes'
ac_cv_func_strtoul='yes'
ac_cv_header_inttypes_h='yes'
ac_cv_header_locale_h='yes'
ac_cv_header_memory_h='yes'
ac_cv_header_stdc='yes'
ac_cv_header_stdint_h='yes'
ac_cv_header_stdlib_h='yes'
ac_cv_header_string_h='yes'
ac_cv_header_strings_h='yes'
ac_cv_header_sys_mkdev_h='no'
ac_cv_header_sys_mman_h='yes'
ac_cv_header_sys_stat_h='yes'
ac_cv_header_sys_sysmacros_h='yes'
ac_cv_header_sys_types_h='yes'
ac_cv_header_sys_types_h_makedev='no'
ac_cv_header_sys_wait_h='yes'
ac_cv_header_unistd_h='yes'
ac_cv_member_struct_stat_st_rdev='yes'
ac_cv_objext='o'
ac_cv_path_install='/usr/bin/install -c'
ac_cv_prog_CPP='gcc -E'
ac_cv_prog_ac_ct_CC='gcc'
ac_cv_prog_ac_ct_RANLIB='ranlib'
ac_cv_prog_cc_g='yes'
ac_cv_prog_cc_stdc=''
ac_cv_prog_make_make_set='yes'
ac_cv_sizeof_uint16_t='0'
ac_cv_sizeof_uint32_t='0'
ac_cv_sizeof_uint64_t='8'
ac_cv_sizeof_uint8_t='0'
ac_cv_struct_tm='time.h'
ac_cv_struct_tm_isdst='yes'
ac_cv_struct_tm_zone='yes'
ac_cv_type_off_t='yes'
ac_cv_type_size_t='yes'
ac_cv_type_uint16_t='yes'
ac_cv_type_uint32_t='yes'
ac_cv_type_uint64_t='no'
ac_cv_type_uint8_t='yes'
ac_cv_var_daylight='yes'
ac_cv_var_tzname='yes'

## ------------ ##
## confdefs.h.  ##
## ------------ ##

#define PACKAGE "file"
#define VERSION "3.37"
#define ELFCORE 1
#define STDC_HEADERS 1
#define MAJOR_IN_SYSMACROS 1
#define HAVE_SYS_WAIT_H 1
#define HAVE_UNISTD_H 1
#define HAVE_LOCALE_H 1
#define HAVE_SYS_MMAN_H 1
#define HAVE_SYS_TYPES_H 1
#define HAVE_SYS_STAT_H 1
#define HAVE_STDLIB_H 1
#define HAVE_STRING_H 1
#define HAVE_MEMORY_H 1
#define HAVE_STRINGS_H 1
#define HAVE_INTTYPES_H 1
#define HAVE_STDINT_H 1
#define HAVE_UNISTD_H 1
#define HAVE_STRUCT_STAT_ST_RDEV 1
#define HAVE_ST_RDEV 1
#define HAVE_TM_ZONE 1
#define HAVE_TZNAME 1
#define HAVE_TM_ISDST 1
#define HAVE_DAYLIGHT 1
#define HAVE_LONG_LONG 1
#define uint64_t unsigned long long
#define SIZEOF_UINT8_T 0
#define SIZEOF_UINT16_T 0
#define SIZEOF_UINT32_T 0
#define SIZEOF_UINT64_T 8
#define HAVE_MMAP 1
#define HAVE_STRERROR 1
#define HAVE_STRTOUL 1


configure: exit 0
